53 x 213
51 x 110
51 x 110
51 x 110
51 x 110
51 x 110
51 x 110
51 x 110
51 x 110
51 x 110
51 x 110
51 x 110
51 x 110
51 x 110
51 x 110
51 x 110
51 x 110
51 x 110
51 x 110
51 x 110
51 x 110
51 x 110
51 x 110
51 x 110
51 x 110
51 x 110
51 x 110
51 x 110
51 x 110
51 x 99
51 x 93
51 x 88
51 x 82
51 x 76
51 x 71
51 x 76
51 x 82
51 x 88
51 x 93
51 x 99
51 x 104
51 x 110
51 x 115
51 x 110
51 x 104
51 x 99
51 x 93
51 x 99
51 x 104
51 x 99
51 x 93
51 x 99
51 x 104
51 x 99
51 x 104
51 x 99
51 x 104
51 x 99
51 x 104
51 x 99
51 x 104
51 x 99
51 x 104
51 x 99
51 x 104
51 x 99
51 x 93
51 x 99
51 x 104
51 x 99
51 x 104
51 x 99
51 x 104
51 x 99
51 x 104
51 x 99
51 x 104
51 x 99
51 x 104
51 x 99
51 x 104
51 x 99
51 x 93
51 x 88
51 x 93
51 x 99
51 x 104
51 x 99
51 x 104
